<?xml version="1.0" encoding="UTF-8"?>
<!-- Generated by org.testng.reporters.JUnitXMLReporter -->
<testsuite ignored="0" hostname="LAPTOP-L5M96ECR" failures="0" tests="3" name="Test" time="0.059" errors="0" timestamp="2023-02-12T23:54:55 IST">
  <testcase classname="resource.BaseClass" name="@BeforeMethod openurl" time="0.007">
    <failure type="java.io.FileNotFoundException" message="C:\Users\ASUS\eclipse-workspace\16thNov2022SeleniumAndTestNGProject\src\main\java\resources\data.properties (The system cannot find the path specified)">
      <![CDATA[java.io.FileNotFoundException: C:\Users\ASUS\eclipse-workspace\16thNov2022SeleniumAndTestNGProject\src\main\java\resources\data.properties (The system cannot find the path specified)
at java.base/java.io.FileInputStream.open0(Native Method)
at java.base/java.io.FileInputStream.open(FileInputStream.java:216)
at java.base/java.io.FileInputStream.<init>(FileInputStream.java:157)
at java.base/java.io.FileInputStream.<init>(FileInputStream.java:111)
at resource.BaseClass.driverInitilize(BaseClass.java:20)
at resource.BaseClass.openurl(BaseClass.java:45)
at java.base/java.util.ArrayList.forEach(ArrayList.java:1511)
... Removed 31 stack frames]]>
    </failure>
  </testcase> <!-- @BeforeMethod openurl -->
  <testcase classname="resource.BaseClass" name="@AfterMethod closeBrowser" time="-1.676226295776E9">
    <skipped/>
  </testcase> <!-- @AfterMethod closeBrowser -->
  <testcase classname="resource.BaseClass" name="@BeforeMethod openurl" time="-1.676226295777E9">
    <skipped/>
  </testcase> <!-- @BeforeMethod openurl -->
  <testcase classname="resource.BaseClass" name="@AfterMethod closeBrowser" time="-1.676226295781E9">
    <skipped/>
  </testcase> <!-- @AfterMethod closeBrowser -->
  <testcase classname="resource.BaseClass" name="@BeforeMethod openurl" time="0.0">
    <failure type="java.io.FileNotFoundException" message="C:\Users\ASUS\eclipse-workspace\16thNov2022SeleniumAndTestNGProject\src\main\java\resources\data.properties (The system cannot find the path specified)">
      <![CDATA[java.io.FileNotFoundException: C:\Users\ASUS\eclipse-workspace\16thNov2022SeleniumAndTestNGProject\src\main\java\resources\data.properties (The system cannot find the path specified)
at java.base/java.io.FileInputStream.open0(Native Method)
at java.base/java.io.FileInputStream.open(FileInputStream.java:216)
at java.base/java.io.FileInputStream.<init>(FileInputStream.java:157)
at java.base/java.io.FileInputStream.<init>(FileInputStream.java:111)
at resource.BaseClass.driverInitilize(BaseClass.java:20)
at resource.BaseClass.openurl(BaseClass.java:45)
at java.base/java.util.ArrayList.forEach(ArrayList.java:1511)
... Removed 31 stack frames]]>
    </failure>
  </testcase> <!-- @BeforeMethod openurl -->
  <testcase classname="resource.BaseClass" name="@AfterMethod closeBrowser" time="-1.676226295789E9">
    <skipped/>
  </testcase> <!-- @AfterMethod closeBrowser -->
  <testcase classname="testCases.VerifyLoginPage" name="login" time="0.0">
    <skipped/>
  </testcase> <!-- login -->
  <testcase classname="testCases.VerifyLoginPage" name="login" time="0.0">
    <skipped/>
  </testcase> <!-- login -->
  <testcase classname="testCases.VerifySignup" name="signup" time="0.0">
    <skipped/>
  </testcase> <!-- signup -->
</testsuite> <!-- Test -->
