<?xml version="1.0" encoding="UTF-8"?>
<testng-results ignored="0" total="2" passed="2" failed="0" skipped="0">
  <reporter-output>
  </reporter-output>
  <suite started-at="2023-02-13T23:03:51 IST" name="Default suite" finished-at="2023-02-13T23:04:14 IST" duration-ms="23411">
    <groups>
    </groups>
    <test started-at="2023-02-13T23:03:51 IST" name="Default test" finished-at="2023-02-13T23:04:14 IST" duration-ms="23411">
      <class name="testCases.VerifyLoginPage">
        <test-method is-config="true" signature="openurl()[pri:0, instance:testCases.VerifyLoginPage@393671df]" started-at="2023-02-13T23:03:51 IST" name="openurl" finished-at="2023-02-13T23:04:03 IST" duration-ms="12292" status="PASS">
          <reporter-output>
          </reporter-output>
        </test-method> <!-- openurl -->
        <test-method signature="login(java.lang.String,java.lang.String)[pri:0, instance:testCases.VerifyLoginPage@393671df]" started-at="2023-02-13T23:04:03 IST" name="login" data-provider="testData" finished-at="2023-02-13T23:04:05 IST" duration-ms="1844" status="PASS">
          <params>
            <param index="0">
              <value>
                <![CDATA[testuser1]]>
              </value>
            </param>
            <param index="1">
              <value>
                <![CDATA[secure123]]>
              </value>
            </param>
          </params>
          <reporter-output>
          </reporter-output>
        </test-method> <!-- login -->
        <test-method is-config="true" signature="closeBrowser()[pri:0, instance:testCases.VerifyLoginPage@393671df]" started-at="2023-02-13T23:04:05 IST" name="closeBrowser" finished-at="2023-02-13T23:04:07 IST" duration-ms="2434" status="PASS">
          <reporter-output>
          </reporter-output>
        </test-method> <!-- closeBrowser -->
        <test-method is-config="true" signature="openurl()[pri:0, instance:testCases.VerifyLoginPage@393671df]" started-at="2023-02-13T23:04:07 IST" name="openurl" finished-at="2023-02-13T23:04:12 IST" duration-ms="4474" status="PASS">
          <reporter-output>
          </reporter-output>
        </test-method> <!-- openurl -->
        <test-method signature="login(java.lang.String,java.lang.String)[pri:0, instance:testCases.VerifyLoginPage@393671df]" started-at="2023-02-13T23:04:12 IST" name="login" data-provider="testData" finished-at="2023-02-13T23:04:13 IST" duration-ms="1425" status="PASS">
          <params>
            <param index="0">
              <value>
                <![CDATA[testuser2]]>
              </value>
            </param>
            <param index="1">
              <value>
                <![CDATA[secure456]]>
              </value>
            </param>
          </params>
          <reporter-output>
          </reporter-output>
        </test-method> <!-- login -->
        <test-method is-config="true" signature="closeBrowser()[pri:0, instance:testCases.VerifyLoginPage@393671df]" started-at="2023-02-13T23:04:13 IST" name="closeBrowser" finished-at="2023-02-13T23:04:14 IST" duration-ms="823" status="PASS">
          <reporter-output>
          </reporter-output>
        </test-method> <!-- closeBrowser -->
      </class> <!-- testCases.VerifyLoginPage -->
    </test> <!-- Default test -->
  </suite> <!-- Default suite -->
</testng-results>
